<?xml version="1.0" encoding="UTF-8" ?>
<testsuite tests="7" failures="0" name="calculator.CalculatorTest" time="0" errors="0" skipped="0">
  <properties>
[...]
</properties>
  <testcase classname="calculator.CalculatorTest" name="subtract" time="0"/>
  <testcase classname="calculator.CalculatorTest" name="divide" time="0"/>
  <testcase classname="calculator.CalculatorTest" name="cleanResult" time="0"/>
  <testcase classname="calculator.CalculatorTest" name="add" time="0"/>
  <testcase classname="calculator.CalculatorTest" name="power" time="0"/>
  <testcase classname="calculator.CalculatorTest" name="multiply" time="0"/>
  <testcase classname="calculator.CalculatorTest" name="getResult" time="0"/>
</testsuite>